
=== Sun Jun  2 10:38:26 2019

Packages were changed.
Update Mode: updateDependencies

The following packages were added:
  com.unity.2d.tilemap@1.0.0
  com.unity.ext.nunit@1.0.0
  com.unity.test-framework@1.0.13
  com.unity.2d.sprite@1.0.0
  com.unity.ide.vscode@1.0.4
  com.unity.ide.visualstudio@1.0.10
  com.unity.ide.rider@1.0.4
  com.unity.ugui@1.0.0
  com.unity.modules.androidjni@1.0.0
The following packages were updated:
  com.unity.package-manager-ui from version 2.1.2 to 2.2.0
  com.unity.textmeshpro from version 2.0.0 to 2.0.1
  com.unity.timeline from version 1.0.0 to 1.1.0

=== Sun Jun  2 11:46:31 2019

Packages were changed.
Update Mode: resetToDefaultDependencies

The following packages were updated:
  com.unity.package-manager-ui from version 2.2.0 to 2.1.2
  com.unity.timeline from version 1.1.0 to 1.0.0
The following packages were removed:
  com.unity.2d.sprite@1.0.0
  com.unity.2d.tilemap@1.0.0
  com.unity.ext.nunit@1.0.0
  com.unity.ide.rider@1.0.4
  com.unity.ide.visualstudio@1.0.10
  com.unity.ide.vscode@1.0.4
  com.unity.test-framework@1.0.13
  com.unity.ugui@1.0.0
  com.unity.modules.androidjni@1.0.0
